<?xml version="1.0" encoding="UTF-8"?>
<robot generator="Robot 4.1.3 (Python 3.10.1 on win32)" generated="20220117 15:29:59.897" rpa="false" schemaversion="2">
<suite id="s1" name="TestSitePractice" source="C:\Users\rachi\Documents\Rachid\Estudos\Robot_Framework\SuiteSiteTestePractice\tests\TestSitePractice.robot">
<test id="s1-t1" name="Caso de teste 01: Pesquisar produto existente">
<kw name="Abrir Navegador" library="Resource" type="SETUP">
<kw name="Open Browser" library="SeleniumLibrary">
<arg>about:blank</arg>
<arg>${BROWSER}</arg>
<doc>Opens a new browser instance to the optional ``url``.</doc>
<msg timestamp="20220117 15:30:01.542" level="INFO">Opening browser 'chrome' to base url 'about:blank'.</msg>
<status status="PASS" starttime="20220117 15:30:01.542" endtime="20220117 15:30:09.350"/>
</kw>
<status status="PASS" starttime="20220117 15:30:01.541" endtime="20220117 15:30:09.350"/>
</kw>
<kw name="Acessar a página home do site" library="Resource">
<kw name="Go To" library="SeleniumLibrary">
<arg>http://automationpractice.com</arg>
<doc>Navigates the current browser window to the provided ``url``.</doc>
<msg timestamp="20220117 15:30:09.405" level="INFO">Opening url 'http://automationpractice.com'</msg>
<status status="PASS" starttime="20220117 15:30:09.403" endtime="20220117 15:30:15.077"/>
</kw>
<kw name="Title Should Be" library="SeleniumLibrary">
<arg>My Store</arg>
<doc>Verifies that the current page title equals ``title``.</doc>
<msg timestamp="20220117 15:30:15.087" level="INFO">Page title is 'My Store'.</msg>
<status status="PASS" starttime="20220117 15:30:15.077" endtime="20220117 15:30:15.088"/>
</kw>
<status status="PASS" starttime="20220117 15:30:09.403" endtime="20220117 15:30:15.088"/>
</kw>
<kw name="Digitar o nome do produto &quot;Blouse&quot; no campo de pesquisa" library="Resource" sourcename="Digitar o nome do produto &quot;${PRODUTO}&quot; no campo de pesquisa">
<kw name="Input Text" library="SeleniumLibrary">
<arg>id=search_query_top</arg>
<arg>${PRODUTO}</arg>
<doc>Types the given ``text`` into the text field identified by ``locator``.</doc>
<msg timestamp="20220117 15:30:15.095" level="INFO">Typing text 'Blouse' into text field 'id=search_query_top'.</msg>
<status status="PASS" starttime="20220117 15:30:15.094" endtime="20220117 15:30:15.412"/>
</kw>
<status status="PASS" starttime="20220117 15:30:15.093" endtime="20220117 15:30:15.412"/>
</kw>
<kw name="Clicar no botão Pesquisar" library="Resource">
<kw name="Click Element" library="SeleniumLibrary">
<arg>name=submit_search</arg>
<doc>Click the element identified by ``locator``.</doc>
<msg timestamp="20220117 15:30:15.453" level="INFO">Clicking element 'name=submit_search'.</msg>
<status status="PASS" starttime="20220117 15:30:15.452" endtime="20220117 15:30:17.487"/>
</kw>
<status status="PASS" starttime="20220117 15:30:15.451" endtime="20220117 15:30:17.488"/>
</kw>
<status status="PASS" starttime="20220117 15:30:01.539" endtime="20220117 15:30:17.513"/>
</test>
<status status="PASS" starttime="20220117 15:29:59.912" endtime="20220117 15:30:17.524"/>
</suite>
<statistics>
<total>
<stat pass="1" fail="0" skip="0">All Tests</stat>
</total>
<tag>
</tag>
<suite>
<stat pass="1" fail="0" skip="0" id="s1" name="TestSitePractice">TestSitePractice</stat>
</suite>
</statistics>
<errors>
<msg timestamp="20220117 15:30:00.066" level="ERROR">Error in file 'C:\Users\rachi\Documents\Rachid\Estudos\Robot_Framework\SuiteSiteTestePractice\resource\Resource.robot' on line 2: Importing library 'Selenium' failed: ModuleNotFoundError: No module named 'Selenium'
Traceback (most recent call last):
  None
PYTHONPATH:
  C:\Users\rachi\AppData\Local\Programs\Python\Python310\Scripts\robot.exe
  C:\Users\rachi\AppData\Local\Programs\Python\Python310\python310.zip
  C:\Users\rachi\AppData\Local\Programs\Python\Python310\DLLs
  C:\Users\rachi\AppData\Local\Programs\Python\Python310\lib
  C:\Users\rachi\AppData\Local\Programs\Python\Python310
  C:\Users\rachi\AppData\Local\Programs\Python\Python310\lib\site-packages</msg>
</errors>
</robot>
